2022-11-09 13:08:11,419 [INFO] Activator:177 - 


2022-11-09 13:08:11,421 [INFO] Activator:178 - !SESSION log4j initialized
2022-11-09 13:08:20,335 [INFO] McuFinderGlobals:39 - Set McuFinder mode to 2 (CubeIDE integrated)
2022-11-09 13:08:22,951 [INFO] ApplicationProperties:181 - Using Application install path: C:\ST\STM32CubeIDE_1.7.0\STM32CubeIDE\plugins\com.st.stm32cube.common.mx_6.3.0.202107141111
2022-11-09 13:08:22,978 [INFO] DbMcusXml:74 - Set database path to: C:\ST\STM32CubeIDE_1.7.0\STM32CubeIDE\plugins\com.st.stm32cube.common.mx_6.3.0.202107141111\\db\/mcu/
2022-11-09 13:08:22,985 [INFO] DbBoardsPdsc:56 - Set plugin database path to: C:\ST\STM32CubeIDE_1.7.0\STM32CubeIDE\plugins\com.st.stm32cube.common.mx_6.3.0.202107141111\\db\/plugins/boardmanager/
2022-11-09 13:08:22,987 [INFO] DbMcus:258 - Set plugin images path to: C:\ST\STM32CubeIDE_1.7.0\STM32CubeIDE\plugins\com.st.stm32cube.common.mx_6.3.0.202107141111\\db\/plugins/mcufinder/images/
2022-11-09 13:08:22,988 [INFO] DbBoards:264 - Set plugin images path to: C:\ST\STM32CubeIDE_1.7.0\STM32CubeIDE\plugins\com.st.stm32cube.common.mx_6.3.0.202107141111\\db\/plugins/mcufinder/images/
2022-11-09 13:08:22,992 [INFO] DbExamples:333 - Set plugin images path to: C:\ST\STM32CubeIDE_1.7.0\STM32CubeIDE\plugins\com.st.stm32cube.common.mx_6.3.0.202107141111\\db\/plugins/mcufinder/images/
2022-11-09 13:08:23,022 [INFO] DbMcusAds:119 - Set database path to: C:\Users\ASUS\.stmcufinder\plugins\mcufinder//mcu/
2022-11-09 13:08:23,023 [INFO] DbMcusDocs:110 - Set database path to: C:\Users\ASUS\.stmcufinder\plugins\mcufinder//mcu/
2022-11-09 13:08:23,028 [INFO] DbMcusJson:64 - Set database path to: C:\Users\ASUS\.stmcufinder\plugins\mcufinder//mcu/
2022-11-09 13:08:23,029 [INFO] DbBoardsDocs:110 - Set database path to: C:\Users\ASUS\.stmcufinder\plugins\mcufinder//mcu/
2022-11-09 13:08:23,031 [INFO] DbBoardsJson:57 - Set database path to: C:\Users\ASUS\.stmcufinder\plugins\mcufinder//mcu/
2022-11-09 13:08:23,038 [INFO] CrossReferenceDbSqlite:196 - Set database path to: C:\Users\ASUS\.stmcufinder\plugins\mcufinder//mcu/cs/
2022-11-09 13:08:23,043 [INFO] DbExamplesSqlite:767 - Set database path to: C:\Users\ASUS\.stmcufinder\plugins\mcufinder//mcu/
2022-11-09 13:08:23,227 [INFO] RulesReader:57 - Compatibility file has been processed (242 Rules)
2022-11-09 13:08:23,515 [INFO] DbMcusXml:74 - Set database path to: C:\ST\STM32CubeIDE_1.7.0\STM32CubeIDE\plugins\com.st.stm32cube.common.mx_6.3.0.202107141111\\db\/mcu/
2022-11-09 13:08:23,516 [INFO] DbBoardsPdsc:56 - Set plugin database path to: C:\ST\STM32CubeIDE_1.7.0\STM32CubeIDE\plugins\com.st.stm32cube.common.mx_6.3.0.202107141111\\db\/plugins/boardmanager/
2022-11-09 13:08:23,516 [INFO] DbMcus:258 - Set plugin images path to: C:\ST\STM32CubeIDE_1.7.0\STM32CubeIDE\plugins\com.st.stm32cube.common.mx_6.3.0.202107141111\\db\/plugins/mcufinder/images/
2022-11-09 13:08:23,517 [INFO] DbBoards:264 - Set plugin images path to: C:\ST\STM32CubeIDE_1.7.0\STM32CubeIDE\plugins\com.st.stm32cube.common.mx_6.3.0.202107141111\\db\/plugins/mcufinder/images/
2022-11-09 13:08:23,517 [INFO] DbExamples:333 - Set plugin images path to: C:\ST\STM32CubeIDE_1.7.0\STM32CubeIDE\plugins\com.st.stm32cube.common.mx_6.3.0.202107141111\\db\/plugins/mcufinder/images/
2022-11-09 13:08:23,517 [WARN] DbFile:35 - Overriding database path with different value: C:\Users\ASUS\.stmcufinder\plugins\mcufinder/ => C:\Users\ASUS\.stmcufinder\plugins\mcufinder
2022-11-09 13:08:23,517 [INFO] DbMcusAds:119 - Set database path to: C:\Users\ASUS\.stmcufinder\plugins\mcufinder//mcu/
2022-11-09 13:08:23,517 [WARN] DbFile:35 - Overriding database path with different value: C:\Users\ASUS\.stmcufinder\plugins\mcufinder/ => C:\Users\ASUS\.stmcufinder\plugins\mcufinder
2022-11-09 13:08:23,518 [INFO] DbMcusDocs:110 - Set database path to: C:\Users\ASUS\.stmcufinder\plugins\mcufinder//mcu/
2022-11-09 13:08:23,518 [WARN] DbFile:35 - Overriding database path with different value: C:\Users\ASUS\.stmcufinder\plugins\mcufinder/ => C:\Users\ASUS\.stmcufinder\plugins\mcufinder
2022-11-09 13:08:23,518 [INFO] DbMcusJson:64 - Set database path to: C:\Users\ASUS\.stmcufinder\plugins\mcufinder//mcu/
2022-11-09 13:08:23,518 [WARN] DbFile:35 - Overriding database path with different value: C:\Users\ASUS\.stmcufinder\plugins\mcufinder/ => C:\Users\ASUS\.stmcufinder\plugins\mcufinder
2022-11-09 13:08:23,518 [INFO] DbBoardsDocs:110 - Set database path to: C:\Users\ASUS\.stmcufinder\plugins\mcufinder//mcu/
2022-11-09 13:08:23,518 [WARN] DbFile:35 - Overriding database path with different value: C:\Users\ASUS\.stmcufinder\plugins\mcufinder/ => C:\Users\ASUS\.stmcufinder\plugins\mcufinder
2022-11-09 13:08:23,519 [INFO] DbBoardsJson:57 - Set database path to: C:\Users\ASUS\.stmcufinder\plugins\mcufinder//mcu/
2022-11-09 13:08:23,519 [WARN] DbFile:35 - Overriding database path with different value: C:\Users\ASUS\.stmcufinder\plugins\mcufinder/ => C:\Users\ASUS\.stmcufinder\plugins\mcufinder
2022-11-09 13:08:23,519 [WARN] DbFile:35 - Overriding database path with different value: C:\Users\ASUS\.stmcufinder\plugins\mcufinder/ => C:\Users\ASUS\.stmcufinder\plugins\mcufinder
2022-11-09 13:08:23,519 [INFO] CrossReferenceDbSqlite:196 - Set database path to: C:\Users\ASUS\.stmcufinder\plugins\mcufinder//mcu/cs/
2022-11-09 13:08:23,519 [WARN] DbFile:35 - Overriding database path with different value: C:\Users\ASUS\.stmcufinder\plugins\mcufinder/ => C:\Users\ASUS\.stmcufinder\plugins\mcufinder
2022-11-09 13:08:23,519 [INFO] DbExamplesSqlite:767 - Set database path to: C:\Users\ASUS\.stmcufinder\plugins\mcufinder//mcu/
2022-11-09 13:08:23,715 [INFO] MainPanel:214 - HeapMemory: 268435456
2022-11-09 13:08:23,957 [INFO] DbMcusXml:74 - Set database path to: C:\ST\STM32CubeIDE_1.7.0\STM32CubeIDE\plugins\com.st.stm32cube.common.mx_6.3.0.202107141111\\db\/mcu/
2022-11-09 13:08:23,957 [INFO] DbBoardsPdsc:56 - Set plugin database path to: C:\ST\STM32CubeIDE_1.7.0\STM32CubeIDE\plugins\com.st.stm32cube.common.mx_6.3.0.202107141111\\db\/plugins/boardmanager/
2022-11-09 13:08:23,957 [INFO] DbMcus:258 - Set plugin images path to: C:\ST\STM32CubeIDE_1.7.0\STM32CubeIDE\plugins\com.st.stm32cube.common.mx_6.3.0.202107141111\\db\/plugins/mcufinder/images/
2022-11-09 13:08:23,957 [INFO] DbBoards:264 - Set plugin images path to: C:\ST\STM32CubeIDE_1.7.0\STM32CubeIDE\plugins\com.st.stm32cube.common.mx_6.3.0.202107141111\\db\/plugins/mcufinder/images/
2022-11-09 13:08:23,957 [INFO] DbExamples:333 - Set plugin images path to: C:\ST\STM32CubeIDE_1.7.0\STM32CubeIDE\plugins\com.st.stm32cube.common.mx_6.3.0.202107141111\\db\/plugins/mcufinder/images/
2022-11-09 13:08:23,959 [WARN] DbFile:35 - Overriding database path with different value: C:\Users\ASUS\.stmcufinder\plugins\mcufinder/ => C:\Users\ASUS\.stmcufinder\plugins\mcufinder
2022-11-09 13:08:23,959 [INFO] DbMcusAds:119 - Set database path to: C:\Users\ASUS\.stmcufinder\plugins\mcufinder//mcu/
2022-11-09 13:08:23,959 [WARN] DbFile:35 - Overriding database path with different value: C:\Users\ASUS\.stmcufinder\plugins\mcufinder/ => C:\Users\ASUS\.stmcufinder\plugins\mcufinder
2022-11-09 13:08:23,960 [INFO] DbMcusDocs:110 - Set database path to: C:\Users\ASUS\.stmcufinder\plugins\mcufinder//mcu/
2022-11-09 13:08:23,960 [WARN] DbFile:35 - Overriding database path with different value: C:\Users\ASUS\.stmcufinder\plugins\mcufinder/ => C:\Users\ASUS\.stmcufinder\plugins\mcufinder
2022-11-09 13:08:23,960 [INFO] DbMcusJson:64 - Set database path to: C:\Users\ASUS\.stmcufinder\plugins\mcufinder//mcu/
2022-11-09 13:08:23,960 [WARN] DbFile:35 - Overriding database path with different value: C:\Users\ASUS\.stmcufinder\plugins\mcufinder/ => C:\Users\ASUS\.stmcufinder\plugins\mcufinder
2022-11-09 13:08:23,960 [INFO] DbBoardsDocs:110 - Set database path to: C:\Users\ASUS\.stmcufinder\plugins\mcufinder//mcu/
2022-11-09 13:08:23,960 [WARN] DbFile:35 - Overriding database path with different value: C:\Users\ASUS\.stmcufinder\plugins\mcufinder/ => C:\Users\ASUS\.stmcufinder\plugins\mcufinder
2022-11-09 13:08:23,960 [INFO] DbBoardsJson:57 - Set database path to: C:\Users\ASUS\.stmcufinder\plugins\mcufinder//mcu/
2022-11-09 13:08:23,960 [WARN] DbFile:35 - Overriding database path with different value: C:\Users\ASUS\.stmcufinder\plugins\mcufinder/ => C:\Users\ASUS\.stmcufinder\plugins\mcufinder
2022-11-09 13:08:23,961 [WARN] DbFile:35 - Overriding database path with different value: C:\Users\ASUS\.stmcufinder\plugins\mcufinder/ => C:\Users\ASUS\.stmcufinder\plugins\mcufinder
2022-11-09 13:08:23,961 [INFO] CrossReferenceDbSqlite:196 - Set database path to: C:\Users\ASUS\.stmcufinder\plugins\mcufinder//mcu/cs/
2022-11-09 13:08:23,961 [WARN] DbFile:35 - Overriding database path with different value: C:\Users\ASUS\.stmcufinder\plugins\mcufinder/ => C:\Users\ASUS\.stmcufinder\plugins\mcufinder
2022-11-09 13:08:23,961 [INFO] DbExamplesSqlite:767 - Set database path to: C:\Users\ASUS\.stmcufinder\plugins\mcufinder//mcu/
2022-11-09 13:08:24,020 [INFO] ApplicationProperties:181 - Using Application install path: C:\ST\STM32CubeIDE_1.7.0\STM32CubeIDE\plugins\com.st.stm32cube.common.mx_6.3.0.202107141111
2022-11-09 13:08:24,090 [INFO] PluginManage:188 - Search for loadable plugins [exclusion list=, ]
2022-11-09 13:08:24,094 [INFO] PluginManage:302 - Check plugin analytics
2022-11-09 13:08:33,488 [INFO] AnalyticsPlugin:257 - Accepted Software Licenses: 
2022-11-09 13:08:33,489 [INFO] AnalyticsPlugin:259 - Accepted CMSIS Pack Licenses: 
2022-11-09 13:08:33,489 [INFO] AnalyticsPlugin:261 - Accepted Firmware Licenses: 
2022-11-09 13:08:33,490 [INFO] PluginManage:352 - Loaded plugin analytics (category:tool,tabindex:-1)
2022-11-09 13:08:33,490 [INFO] PluginManage:302 - Check plugin clock
2022-11-09 13:08:33,532 [INFO] PluginManage:352 - Loaded plugin clock (category:base,tabindex:2)
2022-11-09 13:08:33,532 [INFO] PluginManage:302 - Check plugin ddr
2022-11-09 13:08:33,541 [INFO] PluginManage:352 - Loaded plugin ddr (category:tool,tabindex:6)
2022-11-09 13:08:33,541 [INFO] PluginManage:302 - Check plugin filemanager
2022-11-09 13:08:33,961 [INFO] PluginManage:352 - Loaded plugin filemanager (category:base,tabindex:10)
2022-11-09 13:08:33,962 [INFO] PluginManage:302 - Check plugin ipmanager
2022-11-09 13:08:34,000 [INFO] PluginManage:352 - Loaded plugin ipmanager (category:base,tabindex:5)
2022-11-09 13:08:34,000 [INFO] PluginManage:302 - Check plugin pinoutandconfiguration
2022-11-09 13:08:34,038 [INFO] PluginManage:352 - Loaded plugin pinoutandconfiguration (category:base,tabindex:1)
2022-11-09 13:08:34,039 [INFO] PluginManage:302 - Check plugin pinoutconfig
2022-11-09 13:08:34,114 [INFO] PluginManage:352 - Loaded plugin pinoutconfig (category:base,tabindex:0)
2022-11-09 13:08:34,114 [INFO] PluginManage:302 - Check plugin power
2022-11-09 13:08:34,161 [INFO] PluginManage:352 - Loaded plugin power (category:power,tabindex:4)
2022-11-09 13:08:34,162 [INFO] PluginManage:302 - Check plugin projectmanager
2022-11-09 13:08:34,193 [INFO] PluginManage:352 - Loaded plugin projectmanager (category:projectmanager,tabindex:3)
2022-11-09 13:08:34,193 [INFO] PluginManage:302 - Check plugin thirdparty
2022-11-09 13:08:34,594 [WARN] IntegrityCheckThread:78 - waiting for thirdparty lock release [integrity check]
2022-11-09 13:08:34,595 [INFO] IntegrityCheckThread:80 - entering critical section [integrity check]
2022-11-09 13:08:34,595 [INFO] PluginManage:352 - Loaded plugin thirdparty (category:base,tabindex:-1)
2022-11-09 13:08:34,595 [INFO] PluginManage:302 - Check plugin tools
2022-11-09 13:08:34,595 [INFO] ThirdPartyUpdaterWithRetryManager:66 - Updater plugin not ready yet. [1/15]
2022-11-09 13:08:34,665 [INFO] PluginManage:352 - Loaded plugin tools (category:base,tabindex:7)
2022-11-09 13:08:34,665 [INFO] PluginManage:302 - Check plugin tutovideos
2022-11-09 13:08:35,125 [INFO] PluginManage:352 - Loaded plugin tutovideos (category:base,tabindex:-1)
2022-11-09 13:08:35,125 [INFO] PluginManage:302 - Check plugin updater
2022-11-09 13:08:35,149 [INFO] PluginManage:352 - Loaded plugin updater (category:base,tabindex:12)
2022-11-09 13:08:35,150 [INFO] PluginManage:275 - PluginManage : Loaded plugins [13]
2022-11-09 13:08:35,639 [INFO] PinOutPanel:1463 - setPackage(No Configuration,No Configuration)
2022-11-09 13:08:35,897 [INFO] IPUIPlugin:74 - create IPUIPlugin
2022-11-09 13:08:35,897 [INFO] PluginManager:213 - loadIPPluginJar : add adc
2022-11-09 13:08:35,953 [INFO] IPUIPlugin:74 - create IPUIPlugin
2022-11-09 13:08:35,954 [INFO] PluginManager:213 - loadIPPluginJar : add aes
2022-11-09 13:08:36,013 [INFO] IPUIPlugin:74 - create IPUIPlugin
2022-11-09 13:08:36,013 [INFO] PluginManager:213 - loadIPPluginJar : add can
2022-11-09 13:08:36,052 [INFO] IPUIPlugin:74 - create IPUIPlugin
2022-11-09 13:08:36,053 [INFO] PluginManager:213 - loadIPPluginJar : add comp
2022-11-09 13:08:36,103 [INFO] IPUIPlugin:74 - create IPUIPlugin
2022-11-09 13:08:36,103 [INFO] PluginManager:213 - loadIPPluginJar : add cryp
2022-11-09 13:08:36,151 [INFO] IPUIPlugin:74 - create IPUIPlugin
2022-11-09 13:08:36,152 [INFO] PluginManager:213 - loadIPPluginJar : add dfsdm
2022-11-09 13:08:36,175 [INFO] IPUIPlugin:74 - create IPUIPlugin
2022-11-09 13:08:36,176 [INFO] PluginManager:213 - loadIPPluginJar : add dma
2022-11-09 13:08:36,235 [INFO] IPUIPlugin:74 - create IPUIPlugin
2022-11-09 13:08:36,236 [INFO] PluginManager:213 - loadIPPluginJar : add dma3
2022-11-09 13:08:36,281 [INFO] IPUIPlugin:74 - create IPUIPlugin
2022-11-09 13:08:36,281 [INFO] PluginManager:213 - loadIPPluginJar : add fatfs
2022-11-09 13:08:36,353 [INFO] IPUIPlugin:74 - create IPUIPlugin
2022-11-09 13:08:36,353 [INFO] PluginManager:213 - loadIPPluginJar : add fmc
2022-11-09 13:08:36,379 [INFO] IPUIPlugin:74 - create IPUIPlugin
2022-11-09 13:08:36,379 [INFO] PluginManager:213 - loadIPPluginJar : add freertos
2022-11-09 13:08:36,413 [INFO] IPUIPlugin:74 - create IPUIPlugin
2022-11-09 13:08:36,414 [INFO] PluginManager:213 - loadIPPluginJar : add genericplugin
2022-11-09 13:08:36,519 [INFO] IPUIPlugin:74 - create IPUIPlugin
2022-11-09 13:08:36,519 [INFO] PluginManager:213 - loadIPPluginJar : add gfxmmu
2022-11-09 13:08:36,672 [INFO] IPUIPlugin:74 - create IPUIPlugin
2022-11-09 13:08:36,673 [INFO] PluginManager:213 - loadIPPluginJar : add gic
2022-11-09 13:08:36,695 [INFO] IPUIPlugin:74 - create IPUIPlugin
2022-11-09 13:08:36,695 [INFO] PluginManager:213 - loadIPPluginJar : add gpio
2022-11-09 13:08:36,793 [INFO] IPUIPlugin:74 - create IPUIPlugin
2022-11-09 13:08:36,793 [INFO] PluginManager:213 - loadIPPluginJar : add gtzc
2022-11-09 13:08:36,844 [INFO] IPUIPlugin:74 - create IPUIPlugin
2022-11-09 13:08:36,844 [INFO] PluginManager:213 - loadIPPluginJar : add hash
2022-11-09 13:08:36,924 [INFO] IPUIPlugin:74 - create IPUIPlugin
2022-11-09 13:08:36,925 [INFO] PluginManager:213 - loadIPPluginJar : add i2c
2022-11-09 13:08:36,982 [INFO] IPUIPlugin:74 - create IPUIPlugin
2022-11-09 13:08:36,982 [INFO] PluginManager:213 - loadIPPluginJar : add i2s
2022-11-09 13:08:37,002 [INFO] IPUIPlugin:74 - create IPUIPlugin
2022-11-09 13:08:37,002 [INFO] PluginManager:213 - loadIPPluginJar : add ipddr
2022-11-09 13:08:37,117 [INFO] IPUIPlugin:74 - create IPUIPlugin
2022-11-09 13:08:37,118 [INFO] PluginManager:213 - loadIPPluginJar : add linkedlist
2022-11-09 13:08:37,168 [INFO] IPUIPlugin:74 - create IPUIPlugin
2022-11-09 13:08:37,168 [INFO] PluginManager:213 - loadIPPluginJar : add lorawan
2022-11-09 13:08:37,225 [INFO] IPUIPlugin:74 - create IPUIPlugin
2022-11-09 13:08:37,225 [INFO] PluginManager:213 - loadIPPluginJar : add ltdc
2022-11-09 13:08:37,248 [INFO] IPUIPlugin:74 - create IPUIPlugin
2022-11-09 13:08:37,249 [INFO] PluginManager:213 - loadIPPluginJar : add mdma
2022-11-09 13:08:37,272 [INFO] IPUIPlugin:74 - create IPUIPlugin
2022-11-09 13:08:37,273 [INFO] PluginManager:213 - loadIPPluginJar : add nvic
2022-11-09 13:08:37,335 [INFO] IPUIPlugin:74 - create IPUIPlugin
2022-11-09 13:08:37,336 [INFO] PluginManager:213 - loadIPPluginJar : add opamp
2022-11-09 13:08:37,415 [INFO] IPUIPlugin:74 - create IPUIPlugin
2022-11-09 13:08:37,416 [INFO] PluginManager:213 - loadIPPluginJar : add openamp
2022-11-09 13:08:37,474 [INFO] IPUIPlugin:74 - create IPUIPlugin
2022-11-09 13:08:37,475 [INFO] PluginManager:213 - loadIPPluginJar : add pdm2pcm
2022-11-09 13:08:37,502 [INFO] IPUIPlugin:74 - create IPUIPlugin
2022-11-09 13:08:37,507 [INFO] PluginManager:213 - loadIPPluginJar : add plateformsettings
2022-11-09 13:08:37,543 [INFO] IPUIPlugin:74 - create IPUIPlugin
2022-11-09 13:08:37,543 [INFO] PluginManager:213 - loadIPPluginJar : add quadspi
2022-11-09 13:08:37,565 [INFO] IPUIPlugin:74 - create IPUIPlugin
2022-11-09 13:08:37,565 [INFO] PluginManager:213 - loadIPPluginJar : add resmgrutility
2022-11-09 13:08:37,610 [INFO] ThirdPartyUpdaterWithRetryManager:66 - Updater plugin not ready yet. [2/15]
2022-11-09 13:08:37,643 [INFO] IPUIPlugin:74 - create IPUIPlugin
2022-11-09 13:08:37,643 [INFO] PluginManager:213 - loadIPPluginJar : add sai
2022-11-09 13:08:37,706 [INFO] IPUIPlugin:74 - create IPUIPlugin
2022-11-09 13:08:37,706 [INFO] PluginManager:213 - loadIPPluginJar : add spi
2022-11-09 13:08:37,785 [INFO] IPUIPlugin:74 - create IPUIPlugin
2022-11-09 13:08:37,785 [INFO] PluginManager:213 - loadIPPluginJar : add stm32_wpan
2022-11-09 13:08:37,832 [INFO] IPUIPlugin:74 - create IPUIPlugin
2022-11-09 13:08:37,832 [INFO] PluginManager:213 - loadIPPluginJar : add tim
2022-11-09 13:08:37,926 [INFO] IPUIPlugin:74 - create IPUIPlugin
2022-11-09 13:08:37,926 [INFO] PluginManager:213 - loadIPPluginJar : add touchsensing
2022-11-09 13:08:37,966 [INFO] IPUIPlugin:74 - create IPUIPlugin
2022-11-09 13:08:37,966 [INFO] PluginManager:213 - loadIPPluginJar : add tracer_emb
2022-11-09 13:08:38,009 [INFO] IPUIPlugin:74 - create IPUIPlugin
2022-11-09 13:08:38,009 [INFO] PluginManager:213 - loadIPPluginJar : add ts
2022-11-09 13:08:38,056 [INFO] IPUIPlugin:74 - create IPUIPlugin
2022-11-09 13:08:38,056 [INFO] PluginManager:213 - loadIPPluginJar : add tsc
2022-11-09 13:08:38,099 [INFO] IPUIPlugin:74 - create IPUIPlugin
2022-11-09 13:08:38,099 [INFO] PluginManager:213 - loadIPPluginJar : add ucpd
2022-11-09 13:08:38,167 [INFO] IPUIPlugin:74 - create IPUIPlugin
2022-11-09 13:08:38,167 [INFO] PluginManager:213 - loadIPPluginJar : add usart
2022-11-09 13:08:38,238 [INFO] IPUIPlugin:74 - create IPUIPlugin
2022-11-09 13:08:38,239 [INFO] PluginManager:213 - loadIPPluginJar : add usbx
2022-11-09 13:08:38,846 [FATAL] Updater:294 - Updater called before beeing initialized
2022-11-09 13:08:39,160 [FATAL] Updater:294 - Updater called before beeing initialized
2022-11-09 13:08:39,168 [INFO] DbMcusAds:47 - JSON generation date=Thu Sep 30 13:56:37 ICT 2021 (1632984997303)
2022-11-09 13:08:39,169 [FATAL] Updater:294 - Updater called before beeing initialized
2022-11-09 13:08:39,280 [WARN] DetailPanel:314 - Failed to get advertising image, set to default
2022-11-09 13:08:39,467 [FATAL] Updater:294 - Updater called before beeing initialized
2022-11-09 13:08:39,472 [FATAL] Updater:294 - Updater called before beeing initialized
2022-11-09 13:08:39,473 [FATAL] Updater:294 - Updater called before beeing initialized
2022-11-09 13:08:39,473 [WARN] DetailPanel:314 - Failed to get advertising image, set to default
2022-11-09 13:08:39,475 [FATAL] Updater:294 - Updater called before beeing initialized
2022-11-09 13:08:39,626 [ERROR] Updater:1075 - MainUpdater not yet initialized. External WinMGr cannot be set.
2022-11-09 13:08:39,641 [INFO] Updater:1012 - Updater Version found : 6.3.0
2022-11-09 13:08:39,683 [INFO] ApplicationProperties:181 - Using Application install path: C:\ST\STM32CubeIDE_1.7.0\STM32CubeIDE\plugins\com.st.stm32cube.common.mx_6.3.0.202107141111
2022-11-09 13:08:40,469 [INFO] MainUpdater:2671 - connection check result : 10
2022-11-09 13:08:40,471 [INFO] MainUpdater:265 - Updater Check For Update Now.
2022-11-09 13:08:40,473 [INFO] MicroXplorer:478 - Change Database Version : DB.6.0.30
2022-11-09 13:08:40,611 [WARN] MainUpdater:1122 - Updater busy. Cannot search thirdparties
2022-11-09 13:08:40,611 [INFO] ThirdPartyUpdaterWithRetryManager:92 - Updater plugin is busy. [1/15]
2022-11-09 13:08:40,718 [INFO] CheckServerUpdateThread:112 - End of CheckServer Thread
2022-11-09 13:08:40,752 [INFO] MainUpdater:2671 - connection check result : 10
2022-11-09 13:08:40,829 [INFO] McuFinderGlobals:52 - Set McuFinderConnectedMode to true
2022-11-09 13:08:41,002 [INFO] ServerAccessManage:362 - Download File mcusAds.json._tmp_
2022-11-09 13:08:41,121 [INFO] LoadUrlFilesThread:145 - End of LoadUrlFiles Thread
2022-11-09 13:08:41,894 [INFO] ServerAccessManage:362 - Download File mcusDocs.json._tmp_
2022-11-09 13:08:42,942 [INFO] LoadUrlFilesThread:145 - End of LoadUrlFiles Thread
2022-11-09 13:08:43,153 [INFO] ServerAccessManage:362 - Download File mcusFeaturesAndDescription.json._tmp_
2022-11-09 13:08:43,620 [WARN] MainUpdater:1122 - Updater busy. Cannot search thirdparties
2022-11-09 13:08:43,620 [INFO] ThirdPartyUpdaterWithRetryManager:92 - Updater plugin is busy. [2/15]
2022-11-09 13:08:46,624 [WARN] MainUpdater:1122 - Updater busy. Cannot search thirdparties
2022-11-09 13:08:46,625 [INFO] ThirdPartyUpdaterWithRetryManager:92 - Updater plugin is busy. [3/15]
2022-11-09 13:08:49,638 [WARN] MainUpdater:1122 - Updater busy. Cannot search thirdparties
2022-11-09 13:08:49,638 [INFO] ThirdPartyUpdaterWithRetryManager:92 - Updater plugin is busy. [4/15]
2022-11-09 13:08:52,649 [WARN] MainUpdater:1122 - Updater busy. Cannot search thirdparties
2022-11-09 13:08:52,649 [INFO] ThirdPartyUpdaterWithRetryManager:92 - Updater plugin is busy. [5/15]
2022-11-09 13:08:55,649 [WARN] MainUpdater:1122 - Updater busy. Cannot search thirdparties
2022-11-09 13:08:55,649 [INFO] ThirdPartyUpdaterWithRetryManager:92 - Updater plugin is busy. [6/15]
2022-11-09 13:08:58,654 [WARN] MainUpdater:1122 - Updater busy. Cannot search thirdparties
2022-11-09 13:08:58,654 [INFO] ThirdPartyUpdaterWithRetryManager:92 - Updater plugin is busy. [7/15]
2022-11-09 13:09:01,666 [WARN] MainUpdater:1122 - Updater busy. Cannot search thirdparties
2022-11-09 13:09:01,666 [INFO] ThirdPartyUpdaterWithRetryManager:92 - Updater plugin is busy. [8/15]
2022-11-09 13:09:04,676 [WARN] MainUpdater:1122 - Updater busy. Cannot search thirdparties
2022-11-09 13:09:04,676 [INFO] ThirdPartyUpdaterWithRetryManager:92 - Updater plugin is busy. [9/15]
2022-11-09 13:09:07,687 [WARN] MainUpdater:1122 - Updater busy. Cannot search thirdparties
2022-11-09 13:09:07,687 [INFO] ThirdPartyUpdaterWithRetryManager:92 - Updater plugin is busy. [10/15]
2022-11-09 13:09:10,700 [WARN] MainUpdater:1122 - Updater busy. Cannot search thirdparties
2022-11-09 13:09:10,700 [INFO] ThirdPartyUpdaterWithRetryManager:92 - Updater plugin is busy. [11/15]
2022-11-09 13:09:13,714 [WARN] MainUpdater:1122 - Updater busy. Cannot search thirdparties
2022-11-09 13:09:13,714 [INFO] ThirdPartyUpdaterWithRetryManager:92 - Updater plugin is busy. [12/15]
2022-11-09 13:09:13,934 [INFO] LoadUrlFilesThread:145 - End of LoadUrlFiles Thread
2022-11-09 13:09:14,142 [INFO] ServerAccessManage:362 - Download File boardsDocs.json._tmp_
2022-11-09 13:09:14,347 [INFO] LoadUrlFilesThread:145 - End of LoadUrlFiles Thread
2022-11-09 13:09:14,541 [INFO] ServerAccessManage:362 - Download File boards.json._tmp_
2022-11-09 13:09:15,291 [INFO] LoadUrlFilesThread:145 - End of LoadUrlFiles Thread
2022-11-09 13:09:15,496 [INFO] ServerAccessManage:362 - Download File cube-finder-db.zip
2022-11-09 13:09:16,725 [WARN] MainUpdater:1122 - Updater busy. Cannot search thirdparties
2022-11-09 13:09:16,725 [INFO] ThirdPartyUpdaterWithRetryManager:92 - Updater plugin is busy. [13/15]
2022-11-09 13:09:19,733 [WARN] MainUpdater:1122 - Updater busy. Cannot search thirdparties
2022-11-09 13:09:19,733 [INFO] ThirdPartyUpdaterWithRetryManager:92 - Updater plugin is busy. [14/15]
2022-11-09 13:09:22,748 [WARN] MainUpdater:1122 - Updater busy. Cannot search thirdparties
2022-11-09 13:09:22,748 [INFO] ThirdPartyUpdaterWithRetryManager:92 - Updater plugin is busy. [15/15]
2022-11-09 13:09:22,748 [ERROR] IntegrityCheckThread:124 - Cannot retrieve database content from updater: error -1
2022-11-09 13:09:22,749 [INFO] ThirdParty:915 - Integrity check success = false
2022-11-09 13:09:22,749 [INFO] IntegrityCheckThread:94 - exiting critical section [integrity check]
2022-11-09 13:09:22,749 [INFO] IntegrityCheckThread:97 - End integrity checks thread
2022-11-09 13:09:49,187 [INFO] FileExtend:235 - Unzip File : cube-finder-db.zip
2022-11-09 13:09:49,188 [INFO] FileExtend:250 - Standard Zip Deflate
2022-11-09 13:09:49,971 [INFO] LoadUrlFilesThread:145 - End of LoadUrlFiles Thread
2022-11-09 13:09:51,391 [INFO] ServerAccessManage:362 - Download File crdb.zip
2022-11-09 13:09:53,427 [INFO] FileExtend:235 - Unzip File : crdb.zip
2022-11-09 13:09:53,428 [INFO] FileExtend:250 - Standard Zip Deflate
2022-11-09 13:09:53,568 [INFO] LoadUrlFilesThread:145 - End of LoadUrlFiles Thread
2022-11-09 13:09:53,960 [INFO] ServerAccessManage:362 - Download File tutoVideoDB.zip
2022-11-09 13:09:54,068 [INFO] FileExtend:235 - Unzip File : tutoVideoDB.zip
2022-11-09 13:09:54,070 [INFO] FileExtend:250 - Standard Zip Deflate
2022-11-09 13:09:54,213 [INFO] LoadUrlFilesThread:145 - End of LoadUrlFiles Thread
2022-11-09 13:09:54,217 [INFO] DbMcusAds:47 - JSON generation date=Thu Sep 30 13:56:37 ICT 2021 (1632984997303)
2022-11-09 13:09:54,287 [INFO] DbMcusDocs:143 - JSON generation date=Tue Nov 16 23:17:54 ICT 2021 (1637079474)
2022-11-09 13:09:54,290 [INFO] DbMcusXml:100 - Load MCU database from C:\ST\STM32CubeIDE_1.7.0\STM32CubeIDE\plugins\com.st.stm32cube.common.mx_6.3.0.202107141111\\db\/mcu/families.xml
2022-11-09 13:09:55,808 [INFO] DbMcusJson:93 - JSON generation date=Tue Nov 16 23:17:54 ICT 2021 (1637079474)
2022-11-09 13:09:57,576 [INFO] DbMcus:175 - Found 1951 MCUs (1903 are supported by CubeMX, 1914 are visible in CubeMX)
2022-11-09 13:09:57,578 [INFO] ApiDb:251 - Load user favorites file C:\Users\ASUS/.stm32cubeide/favorites.mcus.txt: 0 item(s)
2022-11-09 13:09:57,579 [INFO] ApiDb:255 - User favorites MCUs=[]
2022-11-09 13:09:57,579 [INFO] DbMcus:187 - Set 0 / 0 favorites MCUs
2022-11-09 13:09:58,656 [INFO] DbMcusDocs:79 - Found 682 MCUs documents
2022-11-09 13:09:58,663 [INFO] ApiDb:276 - Save user favorites file C:\Users\ASUS/.stm32cubeide/favorites.mcus.txt: 0 item(s)
2022-11-09 13:09:58,663 [INFO] ApiDb:280 - User favorites MCUs=[]
2022-11-09 13:09:58,663 [INFO] DbMcusXml:100 - Load MCU database from C:\ST\STM32CubeIDE_1.7.0\STM32CubeIDE\plugins\com.st.stm32cube.common.mx_6.3.0.202107141111\\db\/mcu/families.xml
2022-11-09 13:09:59,920 [INFO] DbMcusJson:93 - JSON generation date=Tue Nov 16 23:17:54 ICT 2021 (1637079474)
2022-11-09 13:10:00,952 [INFO] DbMcus:175 - Found 1951 MCUs (1903 are supported by CubeMX, 1914 are visible in CubeMX)
2022-11-09 13:10:00,953 [INFO] ApiDb:251 - Load user favorites file C:\Users\ASUS/.stm32cubeide/favorites.mcus.txt: 0 item(s)
2022-11-09 13:10:00,954 [INFO] ApiDb:255 - User favorites MCUs=[]
2022-11-09 13:10:00,954 [INFO] DbMcus:187 - Set 0 / 0 favorites MCUs
2022-11-09 13:10:00,967 [INFO] DbBoardsDocs:143 - JSON generation date=Tue Nov 16 23:17:54 ICT 2021 (1637079474)
2022-11-09 13:10:00,995 [INFO] DbBoardsPdsc:90 - Found 25 items
2022-11-09 13:10:01,008 [INFO] DbBoardsPdsc:90 - Found 9 items
2022-11-09 13:10:01,037 [INFO] DbBoardsPdsc:90 - Found 33 items
2022-11-09 13:10:01,057 [INFO] DbBoardsPdsc:90 - Found 1 items
2022-11-09 13:10:01,111 [INFO] DbBoardsPdsc:90 - Found 48 items
2022-11-09 13:10:01,151 [INFO] DbBoardsPdsc:90 - Found 43 items
2022-11-09 13:10:01,169 [INFO] DbBoardsPdsc:90 - Found 2 items
2022-11-09 13:10:01,189 [INFO] DbBoardsPdsc:90 - Found 5 items
2022-11-09 13:10:01,202 [WARN] DbBoardsPdsc:254 - Board STM32H7B3I-DK: unknown feature type=Audio, name=, username=Audio stereo codec with Headphone Amp (CS42L51-CNZ), n=1
2022-11-09 13:10:01,203 [WARN] DbBoardsPdsc:254 - Board STM32H735G-DK: unknown feature type=Audio, name=, username=Audio stereo codec with Headphone Amp (WM8994ECS/R), n=1
2022-11-09 13:10:01,206 [WARN] DbBoardsPdsc:254 - Board STM32H7B3I-EVAL: unknown feature type=Audio, name=, username=Multi-Channel Audio Codec (CS42L51-CNZ), n=1
2022-11-09 13:10:01,206 [WARN] DbBoardsPdsc:254 - Board STM32H7B3I-EVAL: unknown feature type=Meter, name=, username=Power-metering and Temperature-monitoring with sigma-delta modulators, n=1
2022-11-09 13:10:01,206 [WARN] DbBoardsPdsc:254 - Board STM32H7B3I-EVAL: unknown feature type=Motor, name=, username=Motor Control, n=1
2022-11-09 13:10:01,207 [WARN] DbBoardsPdsc:254 - Board STM32U575I-EV: unknown feature type=joystick, name=, username=4-direction joystick with selection button, n=1
2022-11-09 13:10:01,239 [INFO] DbBoardsJson:86 - JSON generation date=Tue Nov 16 23:17:54 ICT 2021 (1637079474)
2022-11-09 13:10:01,254 [INFO] DbBoards:117 - Found 167 boards (163 are supported by CubeMX)
2022-11-09 13:10:01,259 [INFO] DbBoardsDocs:143 - JSON generation date=Tue Nov 16 23:17:54 ICT 2021 (1637079474)
2022-11-09 13:10:01,265 [INFO] DbBoardsDocs:79 - Found 209 boards documents
2022-11-09 13:10:01,270 [WARN] DbBoards:127 - board B-L475E-IOT01A2 has no document id list !
2022-11-09 13:10:01,271 [WARN] DbBoards:127 - board NUCLEO-H743ZI has no document id list !
2022-11-09 13:10:01,272 [WARN] DbBoards:127 - board NUCLEO-WL55JC2 has no document id list !
2022-11-09 13:10:01,272 [WARN] DbBoards:127 - board P-NUCLEO-WB55-Nucleo has no document id list !
2022-11-09 13:10:01,272 [WARN] DbBoards:127 - board P-NUCLEO-WB55-USBDongle has no document id list !
2022-11-09 13:10:01,272 [WARN] DbBoards:127 - board STEVAL-BFA001V1B has no document id list !
2022-11-09 13:10:01,272 [WARN] DbBoards:127 - board STEVAL-BFA001V2B has no document id list !
2022-11-09 13:10:01,272 [WARN] DbBoards:127 - board STEVAL-IDP005V1 has no document id list !
2022-11-09 13:10:01,273 [WARN] DbBoards:127 - board STEVAL-IDP005V2 has no document id list !
2022-11-09 13:10:01,273 [WARN] DbBoards:127 - board STEVAL-MKSBOX1V1 has no document id list !
2022-11-09 13:10:01,273 [WARN] DbBoards:127 - board STEVAL-STWINKT1 has no document id list !
2022-11-09 13:10:01,273 [WARN] DbBoards:127 - board STEVAL-STWINKT1B has no document id list !
2022-11-09 13:10:01,273 [WARN] DbBoards:127 - board STM32439I-EVAL2 has no document id list !
2022-11-09 13:10:01,274 [WARN] DbBoards:127 - board STM32F401C-DISCO has no document id list !
2022-11-09 13:10:01,274 [WARN] DbBoards:127 - board STM32F769I-DISC1 has no document id list !
2022-11-09 13:10:01,275 [WARN] DbBoards:127 - board STM32G474E-EVAL1 has no document id list !
2022-11-09 13:10:01,275 [WARN] DbBoards:127 - board STM32H743I-EVAL2 has no document id list !
2022-11-09 13:10:01,275 [WARN] DbBoards:127 - board STM32H747I-DISC1 has no document id list !
2022-11-09 13:10:01,275 [WARN] DbBoards:127 - board STM32H753I-EVAL2 has no document id list !
2022-11-09 13:10:01,276 [WARN] DbBoards:127 - board STM32L-DISCOVERY has no document id list !
2022-11-09 13:10:01,528 [ERROR] DbBoards:189 - Image file not found for board B-U585I-IOT02A: C:\ST\STM32CubeIDE_1.7.0\STM32CubeIDE\plugins\com.st.stm32cube.common.mx_6.3.0.202107141111\\db\/plugins/mcufinder/images/boards/B-U585I-IOT02A_small.jpg
2022-11-09 13:10:01,731 [ERROR] DbBoards:189 - Image file not found for board NUCLEO-F413ZH: C:\ST\STM32CubeIDE_1.7.0\STM32CubeIDE\plugins\com.st.stm32cube.common.mx_6.3.0.202107141111\\db\/plugins/mcufinder/images/boards/nucleo-f413zh_small.jpg
2022-11-09 13:10:02,110 [ERROR] DbBoards:189 - Image file not found for board NUCLEO-L552ZE-Q: C:\ST\STM32CubeIDE_1.7.0\STM32CubeIDE\plugins\com.st.stm32cube.common.mx_6.3.0.202107141111\\db\/plugins/mcufinder/images/boards/nucleo_l552ze_q_small.jpg
2022-11-09 13:10:02,111 [ERROR] DbBoards:189 - Image file not found for board NUCLEO-U575ZI-Q: C:\ST\STM32CubeIDE_1.7.0\STM32CubeIDE\plugins\com.st.stm32cube.common.mx_6.3.0.202107141111\\db\/plugins/mcufinder/images/boards/nucleo-u575zi-q_small.jpg
2022-11-09 13:10:02,111 [ERROR] DbBoards:189 - Image file not found for board NUCLEO-WB15CC: C:\ST\STM32CubeIDE_1.7.0\STM32CubeIDE\plugins\com.st.stm32cube.common.mx_6.3.0.202107141111\\db\/plugins/mcufinder/images/boards/nucleo-wb15cc_small.jpg
2022-11-09 13:10:02,112 [ERROR] DbBoards:189 - Image file not found for board NUCLEO-WB55RG: C:\ST\STM32CubeIDE_1.7.0\STM32CubeIDE\plugins\com.st.stm32cube.common.mx_6.3.0.202107141111\\db\/plugins/mcufinder/images/boards/nucleo-wb55rg_small.jpg
2022-11-09 13:10:04,462 [INFO] ApiDb:251 - Load user favorites file C:\Users\ASUS/.stm32cubeide/favorites.boards.txt: 0 item(s)
2022-11-09 13:10:04,462 [INFO] ApiDb:255 - User favorites Boards=[]
2022-11-09 13:10:04,462 [INFO] DbBoards:206 - Set 0 / 0 favorites Boards
2022-11-09 13:10:04,470 [INFO] DbBoardsDocs:79 - Found 418 boards documents
2022-11-09 13:10:04,472 [INFO] ApiDb:276 - Save user favorites file C:\Users\ASUS/.stm32cubeide/favorites.boards.txt: 0 item(s)
2022-11-09 13:10:04,472 [INFO] ApiDb:280 - User favorites Boards=[]
2022-11-09 13:10:04,481 [INFO] DbBoardsPdsc:90 - Found 25 items
2022-11-09 13:10:04,487 [INFO] DbBoardsPdsc:90 - Found 9 items
2022-11-09 13:10:04,494 [INFO] DbBoardsPdsc:90 - Found 33 items
2022-11-09 13:10:04,497 [INFO] DbBoardsPdsc:90 - Found 1 items
2022-11-09 13:10:04,510 [INFO] DbBoardsPdsc:90 - Found 48 items
2022-11-09 13:10:04,524 [INFO] DbBoardsPdsc:90 - Found 43 items
2022-11-09 13:10:04,527 [INFO] DbBoardsPdsc:90 - Found 2 items
2022-11-09 13:10:04,531 [INFO] DbBoardsPdsc:90 - Found 5 items
2022-11-09 13:10:04,535 [WARN] DbBoardsPdsc:254 - Board STM32H7B3I-DK: unknown feature type=Audio, name=, username=Audio stereo codec with Headphone Amp (CS42L51-CNZ), n=1
2022-11-09 13:10:04,535 [WARN] DbBoardsPdsc:254 - Board STM32H735G-DK: unknown feature type=Audio, name=, username=Audio stereo codec with Headphone Amp (WM8994ECS/R), n=1
2022-11-09 13:10:04,537 [WARN] DbBoardsPdsc:254 - Board STM32H7B3I-EVAL: unknown feature type=Audio, name=, username=Multi-Channel Audio Codec (CS42L51-CNZ), n=1
2022-11-09 13:10:04,537 [WARN] DbBoardsPdsc:254 - Board STM32H7B3I-EVAL: unknown feature type=Meter, name=, username=Power-metering and Temperature-monitoring with sigma-delta modulators, n=1
2022-11-09 13:10:04,538 [WARN] DbBoardsPdsc:254 - Board STM32H7B3I-EVAL: unknown feature type=Motor, name=, username=Motor Control, n=1
2022-11-09 13:10:04,538 [WARN] DbBoardsPdsc:254 - Board STM32U575I-EV: unknown feature type=joystick, name=, username=4-direction joystick with selection button, n=1
2022-11-09 13:10:04,566 [INFO] DbBoardsJson:86 - JSON generation date=Tue Nov 16 23:17:54 ICT 2021 (1637079474)
2022-11-09 13:10:04,574 [INFO] DbBoards:117 - Found 167 boards (163 are supported by CubeMX)
2022-11-09 13:10:04,575 [WARN] DbBoards:127 - board B-L475E-IOT01A2 has no document id list !
2022-11-09 13:10:04,575 [WARN] DbBoards:127 - board NUCLEO-H743ZI has no document id list !
2022-11-09 13:10:04,576 [WARN] DbBoards:127 - board NUCLEO-WL55JC2 has no document id list !
2022-11-09 13:10:04,576 [WARN] DbBoards:127 - board P-NUCLEO-WB55-Nucleo has no document id list !
2022-11-09 13:10:04,576 [WARN] DbBoards:127 - board P-NUCLEO-WB55-USBDongle has no document id list !
2022-11-09 13:10:04,576 [WARN] DbBoards:127 - board STEVAL-BFA001V1B has no document id list !
2022-11-09 13:10:04,576 [WARN] DbBoards:127 - board STEVAL-BFA001V2B has no document id list !
2022-11-09 13:10:04,576 [WARN] DbBoards:127 - board STEVAL-IDP005V1 has no document id list !
2022-11-09 13:10:04,576 [WARN] DbBoards:127 - board STEVAL-IDP005V2 has no document id list !
2022-11-09 13:10:04,576 [WARN] DbBoards:127 - board STEVAL-MKSBOX1V1 has no document id list !
2022-11-09 13:10:04,576 [WARN] DbBoards:127 - board STEVAL-STWINKT1 has no document id list !
2022-11-09 13:10:04,577 [WARN] DbBoards:127 - board STEVAL-STWINKT1B has no document id list !
2022-11-09 13:10:04,577 [WARN] DbBoards:127 - board STM32439I-EVAL2 has no document id list !
2022-11-09 13:10:04,577 [WARN] DbBoards:127 - board STM32F401C-DISCO has no document id list !
2022-11-09 13:10:04,577 [WARN] DbBoards:127 - board STM32F769I-DISC1 has no document id list !
2022-11-09 13:10:04,578 [WARN] DbBoards:127 - board STM32G474E-EVAL1 has no document id list !
2022-11-09 13:10:04,578 [WARN] DbBoards:127 - board STM32H743I-EVAL2 has no document id list !
2022-11-09 13:10:04,578 [WARN] DbBoards:127 - board STM32H747I-DISC1 has no document id list !
2022-11-09 13:10:04,578 [WARN] DbBoards:127 - board STM32H753I-EVAL2 has no document id list !
2022-11-09 13:10:04,578 [WARN] DbBoards:127 - board STM32L-DISCOVERY has no document id list !
2022-11-09 13:10:04,732 [ERROR] DbBoards:189 - Image file not found for board B-U585I-IOT02A: C:\ST\STM32CubeIDE_1.7.0\STM32CubeIDE\plugins\com.st.stm32cube.common.mx_6.3.0.202107141111\\db\/plugins/mcufinder/images/boards/B-U585I-IOT02A_small.jpg
2022-11-09 13:10:04,890 [ERROR] DbBoards:189 - Image file not found for board NUCLEO-F413ZH: C:\ST\STM32CubeIDE_1.7.0\STM32CubeIDE\plugins\com.st.stm32cube.common.mx_6.3.0.202107141111\\db\/plugins/mcufinder/images/boards/nucleo-f413zh_small.jpg
2022-11-09 13:10:05,244 [ERROR] DbBoards:189 - Image file not found for board NUCLEO-L552ZE-Q: C:\ST\STM32CubeIDE_1.7.0\STM32CubeIDE\plugins\com.st.stm32cube.common.mx_6.3.0.202107141111\\db\/plugins/mcufinder/images/boards/nucleo_l552ze_q_small.jpg
2022-11-09 13:10:05,245 [ERROR] DbBoards:189 - Image file not found for board NUCLEO-U575ZI-Q: C:\ST\STM32CubeIDE_1.7.0\STM32CubeIDE\plugins\com.st.stm32cube.common.mx_6.3.0.202107141111\\db\/plugins/mcufinder/images/boards/nucleo-u575zi-q_small.jpg
2022-11-09 13:10:05,245 [ERROR] DbBoards:189 - Image file not found for board NUCLEO-WB15CC: C:\ST\STM32CubeIDE_1.7.0\STM32CubeIDE\plugins\com.st.stm32cube.common.mx_6.3.0.202107141111\\db\/plugins/mcufinder/images/boards/nucleo-wb15cc_small.jpg
2022-11-09 13:10:05,246 [ERROR] DbBoards:189 - Image file not found for board NUCLEO-WB55RG: C:\ST\STM32CubeIDE_1.7.0\STM32CubeIDE\plugins\com.st.stm32cube.common.mx_6.3.0.202107141111\\db\/plugins/mcufinder/images/boards/nucleo-wb55rg_small.jpg
2022-11-09 13:10:06,761 [INFO] ApiDb:251 - Load user favorites file C:\Users\ASUS/.stm32cubeide/favorites.boards.txt: 0 item(s)
2022-11-09 13:10:06,761 [INFO] ApiDb:255 - User favorites Boards=[]
2022-11-09 13:10:06,761 [INFO] DbBoards:206 - Set 0 / 0 favorites Boards
2022-11-09 13:10:06,780 [INFO] LoadUrlFilesThread:172 - End of LoadServerUrlFiles without Thread
2022-11-09 13:10:06,780 [INFO] TargetSelectorAdapter:224 - Refresh data is successful
2022-11-09 13:10:06,968 [INFO] ApiDb:479 - Connected to CubeFinder SQLite database (C:\Users\ASUS\.stmcufinder\plugins\mcufinder\mcu\cube-finder-db.db)
2022-11-09 13:10:10,028 [INFO] DbExamplesSqlite:411 - Ignored 31 examples not supported by CubeIDE
2022-11-09 13:10:10,029 [INFO] DbExamplesSqlite:412 - Found 6197 examples active
2022-11-09 13:10:10,029 [INFO] DbExamplesSqlite:413 - Found 89 examples obsolete
2022-11-09 13:10:10,029 [INFO] DbExamplesSqlite:414 - Found 0 examples under development
2022-11-09 13:10:10,029 [INFO] DbExamplesSqlite:415 - Found 76 examples not building
2022-11-09 13:10:10,091 [INFO] DbExamplesSqlite:108 - CubeFinder database Data Model version=2.1
2022-11-09 13:10:10,092 [INFO] DbExamplesSqlite:109 - CubeFinder database Configuration version=3.0.32
2022-11-09 13:10:10,092 [INFO] DbExamplesSqlite:110 - CubeFinder database generation date=2022-08-05 (1659688109)
2022-11-09 13:10:10,093 [INFO] DbExamplesSqlite:111 - CubeFinder database FW Pack versions=[STM32Cube_FW_C0_V1.0.0, STM32Cube_FW_F4_V1.27.1, STM32Cube_FW_F7_V1.17.0, STM32Cube_FW_G0_V1.6.1, STM32Cube_FW_G4_V1.5.0, STM32Cube_FW_H7_V1.10.0, STM32Cube_FW_L5_V1.4.0, STM32Cube_FW_U5_V1.1.1, STM32Cube_FW_WB_V1.14.1, STM32Cube_FW_WL_V1.2.0, X-CUBE-ALGOBUILD_V1.3.0, X-CUBE-ALS_V1.0.1, X-CUBE-AZRTOS-F4_V1.1.0, X-CUBE-AZRTOS-F7_V1.1.0, X-CUBE-AZRTOS-G0_V1.1.0, X-CUBE-AZRTOS-G4_V1.0.0, X-CUBE-AZRTOS-H7_V2.1.0, X-CUBE-AZRTOS-L4_V1.0.0, X-CUBE-AZRTOS-L5_V1.0.0, X-CUBE-AZRTOS-WL_V1.0.0, X-CUBE-BLE1_V6.2.3, X-CUBE-BLE2_V3.3.0, X-CUBE-EEPRMA1_V3.1.1, X-CUBE-GNSS1_V6.0.0, X-CUBE-MEMS1_V9.1.0, X-CUBE-MEMS1_V9.3.0, X-CUBE-NFC4_V2.0.4, X-CUBE-NFC7_V1.0.0, X-CUBE-SFXS2LP1_V4.0.0, X-CUBE-SUBG2_V5.0.0]
2022-11-09 13:10:10,095 [INFO] DbExamples:130 - Found 6242 examples
2022-11-09 13:10:12,604 [ERROR] DbExamples:206 - Found 6242 examples with invalid data (board or MCU)
2022-11-09 13:10:12,604 [INFO] DbExamples:222 - Found 74 boards with related examples
2022-11-09 13:10:12,605 [INFO] DbExamples:235 - Found 0 MCUs with related examples
2022-11-09 13:10:12,641 [INFO] ApiDb:242 - User favorites file not found: C:\Users\ASUS/.stm32cubeide/favorites.examples.txt
2022-11-09 13:10:12,642 [INFO] DbExamples:256 - Set 0 / 0 favorites Examples
2022-11-09 13:10:13,364 [INFO] McuFinderGlobals:52 - Set McuFinderConnectedMode to false
2022-11-09 13:10:13,621 [INFO] CrossSelectorPresenter:1330 - Cross Selector saved comparison directory: C:\Users\ASUS\.stmcufinder\plugins\mcufinder\mcu\cs_comparisons_mx
2022-11-09 13:10:13,632 [INFO] MultiScanPanel:197 - Auto-refresh data requested => check proxy status ongoing
2022-11-09 13:10:13,632 [INFO] MultiScanPanel:201 - Proxy status is invalid
2022-11-09 13:10:13,640 [INFO] FinderPluginLoader:87 - Searching for filters in installed packs
2022-11-09 13:10:14,763 [INFO] DetailPanel:309 - Set advertising image to C:/Users/ASUS/STM32Cube/Repository/\en.Prom_NBSTM32U50921.jpg
2022-11-09 13:10:46,859 [INFO] MainUpdater:2671 - connection check result : 10
2022-11-09 13:10:46,860 [INFO] MainUpdater:2671 - connection check result : 10
2022-11-09 13:10:46,938 [INFO] MicroXplorer:448 - Change Database Path : 
2022-11-09 13:10:46,938 [INFO] MicroXplorer:478 - Change Database Version : DB.6.0.30
2022-11-09 13:10:46,938 [WARN] ThirdParty:813 - waiting for thirdparty lock release [close project]
2022-11-09 13:10:46,938 [INFO] ThirdParty:815 - entering critical section [close project]
2022-11-09 13:10:46,941 [INFO] ThirdParty:825 - exiting critical section [close project]
2022-11-09 13:10:46,947 [INFO] PinOutPanel:1463 - setPackage(No Configuration,No Configuration)
2022-11-09 13:10:46,949 [INFO] UtilMem:74 - Begin LoadConfig() Used Memory: 251781400 Bytes (563085312)
2022-11-09 13:10:46,953 [INFO] MicroXplorer:448 - Change Database Path : 
2022-11-09 13:10:46,953 [INFO] MicroXplorer:478 - Change Database Version : DB.6.0.30
2022-11-09 13:10:46,953 [INFO] OpenFileManager:313 - Change cursor
2022-11-09 13:10:46,973 [WARN] IntegrityCheckThread:78 - waiting for thirdparty lock release [integrity check]
2022-11-09 13:10:46,973 [INFO] IntegrityCheckThread:80 - entering critical section [integrity check]
2022-11-09 13:10:47,579 [WARN] PackLoader:238 - Cannot read IP mode file for STMicroelectronics.X-CUBE-GNSS1.6.0.0
2022-11-09 13:10:47,649 [WARN] PackLoader:238 - Cannot read IP mode file for STMicroelectronics.X-CUBE-AZRTOS-F4.1.1.0
2022-11-09 13:10:47,675 [WARN] PackLoader:238 - Cannot read IP mode file for STMicroelectronics.X-CUBE-BLEMGR.1.2.0
2022-11-09 13:10:47,726 [WARN] PackLoader:238 - Cannot read IP mode file for STMicroelectronics.X-CUBE-AZRTOS-F7.1.1.0
2022-11-09 13:10:47,748 [WARN] PackLoader:238 - Cannot read IP mode file for STMicroelectronics.X-CUBE-BLE1.6.2.3
2022-11-09 13:10:47,766 [WARN] PackLoader:238 - Cannot read IP mode file for STMicroelectronics.X-CUBE-NFC4.2.0.4
2022-11-09 13:10:47,795 [WARN] PackLoader:238 - Cannot read IP mode file for STMicroelectronics.X-CUBE-TOF1.3.1.0
2022-11-09 13:10:47,820 [WARN] PackLoader:238 - Cannot read IP mode file for wolfSSL.I-CUBE-wolfSSL.5.5.0
2022-11-09 13:10:47,836 [WARN] PackLoader:238 - Cannot read IP mode file for STMicroelectronics.X-CUBE-NFC7.1.0.0
2022-11-09 13:10:47,916 [WARN] PackLoader:238 - Cannot read IP mode file for STMicroelectronics.X-CUBE-MEMS1.9.3.0
2022-11-09 13:10:48,149 [WARN] PackLoader:238 - Cannot read IP mode file for STMicroelectronics.X-CUBE-AI.7.2.0
2022-11-09 13:10:48,166 [WARN] PackLoader:238 - Cannot read IP mode file for STMicroelectronics.X-CUBE-SFXS2LP1.4.0.0
2022-11-09 13:10:48,183 [WARN] PackLoader:238 - Cannot read IP mode file for STMicroelectronics.X-CUBE-BLE2.3.3.0
2022-11-09 13:10:48,208 [WARN] PackLoader:238 - Cannot read IP mode file for STMicroelectronics.X-CUBE-DISPLAY.2.2.0
2022-11-09 13:10:48,243 [WARN] PackLoader:238 - Cannot read IP mode file for STMicroelectronics.X-CUBE-TOF1.3.2.0
2022-11-09 13:10:48,286 [WARN] PackLoader:238 - Cannot read IP mode file for STMicroelectronics.X-CUBE-ISPU.1.0.0
2022-11-09 13:10:48,304 [WARN] PackLoader:238 - Cannot read IP mode file for STMicroelectronics.X-CUBE-ISPU.1.1.0
2022-11-09 13:10:48,326 [WARN] PackLoader:238 - Cannot read IP mode file for RoweBots.I-CUBE-UNISONRTOS.5.5.0-4
2022-11-09 13:10:48,393 [WARN] PackLoader:238 - Cannot read IP mode file for STMicroelectronics.X-CUBE-AZRTOS-H7.2.1.0
2022-11-09 13:10:48,420 [WARN] PackLoader:238 - Cannot read IP mode file for STMicroelectronics.X-CUBE-BLEMGR.1.0.0
2022-11-09 13:10:48,437 [WARN] PackLoader:238 - Cannot read IP mode file for STMicroelectronics.X-CUBE-AI.7.3.0
2022-11-09 13:10:48,453 [WARN] PackLoader:238 - Cannot read IP mode file for STMicroelectronics.X-CUBE-ALGOBUILD.1.3.0
2022-11-09 13:10:48,494 [WARN] PackLoader:238 - Cannot read IP mode file for STMicroelectronics.X-CUBE-AZRTOS-G0.1.1.0
2022-11-09 13:10:48,525 [WARN] PackLoader:238 - Cannot read IP mode file for STMicroelectronics.X-CUBE-SUBG2.5.0.0
2022-11-09 13:10:48,600 [WARN] PackLoader:238 - Cannot read IP mode file for SEGGER.I-CUBE-embOS.1.2.0
2022-11-09 13:10:48,654 [WARN] PackLoader:238 - Cannot read IP mode file for STMicroelectronics.FP-ATR-ASTRA1.1.1.1
2022-11-09 13:10:48,688 [WARN] PackLoader:238 - Cannot read IP mode file for STMicroelectronics.X-CUBE-AZRTOS-G4.1.0.0
2022-11-09 13:10:48,704 [WARN] PackLoader:238 - Cannot read IP mode file for STMicroelectronics.FP-ATR-SIGFOX1.3.2.0
2022-11-09 13:10:48,744 [WARN] PackLoader:238 - Cannot read IP mode file for STMicroelectronics.X-CUBE-AZRTOS-L4.1.0.0
2022-11-09 13:10:48,768 [WARN] PackLoader:238 - Cannot read IP mode file for emotas.I-CUBE-CANOPEN.1.1.2
2022-11-09 13:10:48,785 [WARN] PackLoader:238 - Cannot read IP mode file for STMicroelectronics.X-CUBE-TOUCHGFX.4.20.0
2022-11-09 13:10:48,820 [WARN] PackLoader:238 - Cannot read IP mode file for STMicroelectronics.X-CUBE-AZRTOS-WL.1.0.0
2022-11-09 13:10:48,839 [WARN] PackLoader:238 - Cannot read IP mode file for portGmbH.I-Cube-SoM-uGOAL.1.1.0
2022-11-09 13:10:48,854 [WARN] PackLoader:238 - Cannot read IP mode file for STMicroelectronics.X-CUBE-ALS.1.0.1
2022-11-09 13:10:48,897 [WARN] PackLoader:238 - Cannot read IP mode file for STMicroelectronics.X-CUBE-AZRTOS-L5.1.0.0
2022-11-09 13:10:48,919 [WARN] PackLoader:238 - Cannot read IP mode file for STMicroelectronics.X-CUBE-EEPRMA1.3.1.1
2022-11-09 13:10:48,921 [INFO] ThirdParty:915 - Integrity check success = true
2022-11-09 13:10:48,921 [INFO] IntegrityCheckThread:94 - exiting critical section [integrity check]
2022-11-09 13:10:48,921 [INFO] IntegrityCheckThread:97 - End integrity checks thread
2022-11-09 13:10:50,211 [INFO] Context:592 - Trying to add GPIOservice into a context  which must be forbidden
2022-11-09 13:10:50,585 [INFO] ImportTextPane:167 - (OptionalMessage_ERROR) Unable to find key (Mcu.ThirdPartyNb) in loaded IOC file
2022-11-09 13:10:50,585 [INFO] ImportTextPane:167 - (OptionalMessage_ERROR) Unable to find key (Mcu.PinsNb) in loaded IOC file
2022-11-09 13:10:50,586 [INFO] ImportTextPane:167 - (OptionalMessage_ERROR) Unable to find key (Mcu.IPNb) in loaded IOC file
2022-11-09 13:10:50,669 [WARN] ApiManager:304 - Cannot register API 'Board Extension:GNSS1A1' from pack STMicroelectronics.X-CUBE-GNSS1.6.0.0: no header file found
2022-11-09 13:10:50,669 [WARN] ApiManager:304 - Cannot register API 'Board Support:Custom' from pack STMicroelectronics.X-CUBE-GNSS1.6.0.0: no header file found
2022-11-09 13:10:50,670 [WARN] ApiManager:304 - Cannot register API 'Data Exchange:lib_gnss' from pack STMicroelectronics.X-CUBE-GNSS1.6.0.0: no header file found
2022-11-09 13:10:50,695 [WARN] ApiManager:304 - Cannot register API 'Wireless:BlueNRG-MS' from pack STMicroelectronics.X-CUBE-BLE1.6.2.3: no header file found
2022-11-09 13:10:50,699 [INFO] RtosManager:484 - Registered RTOS mode: class=CMSIS, group=RTOS, mode=CMSIS_V1, owner=FREERTOS
2022-11-09 13:10:50,700 [INFO] RtosManager:484 - Registered RTOS mode: class=CMSIS, group=RTOS2, mode=CMSIS_V2, owner=FREERTOS
2022-11-09 13:10:50,700 [INFO] RtosManager:484 - Registered RTOS mode: class=RTOS, group=Core, mode=CMSIS_V1, owner=FREERTOS
2022-11-09 13:10:50,700 [INFO] RtosManager:484 - Registered RTOS mode: class=RTOS, group=Core, mode=CMSIS_V2, owner=FREERTOS
2022-11-09 13:10:50,700 [WARN] ModelIntegratedComponent:181 - Missing modes for component STMicroelectronics:FreeRTOS:0.0.1:STMicroelectronics:RTOS:FreeRTOS:Core:::10.2.0:
2022-11-09 13:10:50,709 [WARN] ApiManager:304 - Cannot register API 'Board Extension:S2868A1' from pack STMicroelectronics.X-CUBE-SUBG2.5.0.0: no header file found
2022-11-09 13:10:50,709 [WARN] ApiManager:304 - Cannot register API 'Board Extension:S2868A2' from pack STMicroelectronics.X-CUBE-SUBG2.5.0.0: no header file found
2022-11-09 13:10:50,709 [WARN] ApiManager:304 - Cannot register API 'Board Extension:S2915A1' from pack STMicroelectronics.X-CUBE-SUBG2.5.0.0: no header file found
2022-11-09 13:10:50,718 [WARN] ApiManager:304 - Cannot register API 'Board Extension:NFC04A1' from pack STMicroelectronics.X-CUBE-NFC4.2.0.4: no header file found
2022-11-09 13:10:50,730 [WARN] ModelIntegratedComponent:60 - No mode defined for component null
2022-11-09 13:10:50,730 [WARN] ModelIntegratedComponent:60 - No mode defined for component null
2022-11-09 13:10:50,730 [WARN] ModelIntegratedComponent:60 - No mode defined for component null
2022-11-09 13:10:50,730 [WARN] ModelIntegratedComponent:60 - No mode defined for component null
2022-11-09 13:10:50,730 [WARN] ModelIntegratedComponent:60 - No mode defined for component null
2022-11-09 13:10:50,730 [WARN] ModelIntegratedComponent:60 - No mode defined for component null
2022-11-09 13:10:50,730 [WARN] ModelIntegratedComponent:60 - No mode defined for component null
2022-11-09 13:10:50,731 [WARN] ModelIntegratedComponent:60 - No mode defined for component null
2022-11-09 13:10:50,731 [WARN] ModelIntegratedComponent:60 - No mode defined for component null
2022-11-09 13:10:50,731 [WARN] ModelIntegratedComponent:60 - No mode defined for component null
2022-11-09 13:10:50,731 [WARN] ModelIntegratedComponent:60 - No mode defined for component null
2022-11-09 13:10:50,731 [WARN] ModelIntegratedComponent:60 - No mode defined for component null
2022-11-09 13:10:50,731 [WARN] ModelIntegratedComponent:60 - No mode defined for component null
2022-11-09 13:10:50,732 [WARN] ModelIntegratedComponent:60 - No mode defined for component null
2022-11-09 13:10:50,732 [WARN] ModelIntegratedComponent:60 - No mode defined for component null
2022-11-09 13:10:50,732 [WARN] ModelIntegratedComponent:60 - No mode defined for component null
2022-11-09 13:10:50,732 [WARN] ModelIntegratedComponent:60 - No mode defined for component null
2022-11-09 13:10:50,732 [WARN] ModelIntegratedComponent:60 - No mode defined for component null
2022-11-09 13:10:50,732 [WARN] ModelIntegratedComponent:60 - No mode defined for component null
2022-11-09 13:10:50,732 [WARN] ModelIntegratedComponent:60 - No mode defined for component null
2022-11-09 13:10:50,732 [WARN] ModelIntegratedComponent:60 - No mode defined for component null
2022-11-09 13:10:50,733 [WARN] ModelIntegratedComponent:60 - No mode defined for component null
2022-11-09 13:10:50,733 [WARN] ModelIntegratedComponent:60 - No mode defined for component null
2022-11-09 13:10:50,733 [WARN] ModelIntegratedComponent:60 - No mode defined for component null
2022-11-09 13:10:50,733 [WARN] ModelIntegratedComponent:60 - No mode defined for component null
2022-11-09 13:10:50,733 [WARN] ModelIntegratedComponent:60 - No mode defined for component null
2022-11-09 13:10:50,733 [WARN] ModelIntegratedComponent:60 - No mode defined for component null
2022-11-09 13:10:50,733 [WARN] ModelIntegratedComponent:60 - No mode defined for component null
2022-11-09 13:10:50,733 [WARN] ModelIntegratedComponent:60 - No mode defined for component null
2022-11-09 13:10:50,734 [WARN] ModelIntegratedComponent:60 - No mode defined for component null
2022-11-09 13:10:50,734 [WARN] ModelIntegratedComponent:60 - No mode defined for component null
2022-11-09 13:10:50,737 [WARN] ApiManager:304 - Cannot register API 'Board Extension:NFC07A1' from pack STMicroelectronics.X-CUBE-NFC7.1.0.0: no header file found
2022-11-09 13:10:51,040 [WARN] ApiManager:304 - Cannot register API 'Board Extension:IKS01A3' from pack STMicroelectronics.X-CUBE-MEMS1.9.3.0: no header file found
2022-11-09 13:10:51,040 [WARN] ApiManager:304 - Cannot register API 'Board Extension:IKS01A2' from pack STMicroelectronics.X-CUBE-MEMS1.9.3.0: no header file found
2022-11-09 13:10:51,040 [WARN] ApiManager:304 - Cannot register API 'Board Extension:IKS02A1' from pack STMicroelectronics.X-CUBE-MEMS1.9.3.0: no header file found
2022-11-09 13:10:51,057 [WARN] ApiManager:304 - Cannot register API 'Board Extension:EEPRMA1' from pack STMicroelectronics.X-CUBE-EEPRMA1.3.1.1: no header file found
2022-11-09 13:10:51,058 [WARN] ApiManager:304 - Cannot register API 'Board Extension:EEPRMA2' from pack STMicroelectronics.X-CUBE-EEPRMA1.3.1.1: no header file found
2022-11-09 13:10:51,059 [WARN] ApiManager:304 - Cannot register API 'Board Extension:S2868A1' from pack STMicroelectronics.X-CUBE-SFXS2LP1.4.0.0: no header file found
2022-11-09 13:10:51,059 [WARN] ApiManager:304 - Cannot register API 'Board Extension:S2868A2' from pack STMicroelectronics.X-CUBE-SFXS2LP1.4.0.0: no header file found
2022-11-09 13:10:51,059 [WARN] ApiManager:304 - Cannot register API 'Board Extension:S2915A1' from pack STMicroelectronics.X-CUBE-SFXS2LP1.4.0.0: no header file found
2022-11-09 13:10:51,060 [WARN] ApiManager:304 - Cannot register API 'Wireless:BlueNRG-2' from pack STMicroelectronics.X-CUBE-BLE2.3.3.0: no header file found
2022-11-09 13:10:53,639 [INFO] UtilMem:74 - End LoadConfig() Used Memory: 345882168 Bytes (563085312)
2022-11-09 13:10:53,651 [WARN] ThirdParty:779 - waiting for thirdparty lock release [change project]
2022-11-09 13:10:53,651 [INFO] ThirdParty:781 - entering critical section [change project]
2022-11-09 13:10:53,651 [INFO] ThirdParty:967 - CMSIS Pack Vendor :STMicroelectronics X-CUBE-ISPU 1.1.0
2022-11-09 13:10:53,651 [INFO] ThirdParty:967 - CMSIS Pack Vendor :RoweBots I-CUBE-UNISONRTOS 5.5.0-4
2022-11-09 13:10:53,651 [INFO] ThirdParty:967 - CMSIS Pack Vendor :STMicroelectronics X-CUBE-GNSS1 6.0.0
2022-11-09 13:10:53,652 [INFO] ThirdParty:967 - CMSIS Pack Vendor :STMicroelectronics X-CUBE-AZRTOS-H7 2.1.0
2022-11-09 13:10:53,652 [INFO] ThirdParty:967 - CMSIS Pack Vendor :STMicroelectronics USB_HOST 2.0.0
2022-11-09 13:10:53,652 [INFO] ThirdParty:967 - CMSIS Pack Vendor :STMicroelectronics X-CUBE-AZRTOS-F4 1.1.0
2022-11-09 13:10:53,652 [INFO] ThirdParty:967 - CMSIS Pack Vendor :STMicroelectronics USB_DEVICE 3.0.0
2022-11-09 13:10:53,652 [INFO] ThirdParty:967 - CMSIS Pack Vendor :STMicroelectronics X-CUBE-BLEMGR 1.0.0
2022-11-09 13:10:53,652 [INFO] ThirdParty:967 - CMSIS Pack Vendor :STMicroelectronics X-CUBE-BLEMGR 1.2.0
2022-11-09 13:10:53,652 [INFO] ThirdParty:967 - CMSIS Pack Vendor :STMicroelectronics X-CUBE-AZRTOS-F7 1.1.0
2022-11-09 13:10:53,652 [INFO] ThirdParty:967 - CMSIS Pack Vendor :STMicroelectronics USB_DEVICE 2.0.0
2022-11-09 13:10:53,652 [INFO] ThirdParty:967 - CMSIS Pack Vendor :STMicroelectronics X-CUBE-AI 7.3.0
2022-11-09 13:10:53,652 [INFO] ThirdParty:967 - CMSIS Pack Vendor :STMicroelectronics X-CUBE-BLE1 6.2.3
2022-11-09 13:10:53,652 [INFO] ThirdParty:967 - CMSIS Pack Vendor :STMicroelectronics X-CUBE-ALGOBUILD 1.3.0
2022-11-09 13:10:53,652 [INFO] ThirdParty:967 - CMSIS Pack Vendor :STMicroelectronics FreeRTOS 0.0.1
2022-11-09 13:10:53,652 [INFO] ThirdParty:967 - CMSIS Pack Vendor :STMicroelectronics X-CUBE-AZRTOS-G0 1.1.0
2022-11-09 13:10:53,653 [INFO] ThirdParty:967 - CMSIS Pack Vendor :STMicroelectronics X-CUBE-SUBG2 5.0.0
2022-11-09 13:10:53,653 [INFO] ThirdParty:967 - CMSIS Pack Vendor :SEGGER I-CUBE-embOS 1.2.0
2022-11-09 13:10:53,653 [INFO] ThirdParty:967 - CMSIS Pack Vendor :STMicroelectronics lwIP 2.0.3
2022-11-09 13:10:53,653 [INFO] ThirdParty:967 - CMSIS Pack Vendor :STMicroelectronics X-CUBE-NFC4 2.0.4
2022-11-09 13:10:53,653 [INFO] ThirdParty:967 - CMSIS Pack Vendor :STMicroelectronics USB_HOST 1.0.0
2022-11-09 13:10:53,653 [INFO] ThirdParty:967 - CMSIS Pack Vendor :STMicroelectronics PDM2PCM 3.1.0
2022-11-09 13:10:53,653 [INFO] ThirdParty:967 - CMSIS Pack Vendor :STMicroelectronics FP-ATR-ASTRA1 1.1.1
2022-11-09 13:10:53,653 [INFO] ThirdParty:967 - CMSIS Pack Vendor :STMicroelectronics PDM2PCM 3.3.0
2022-11-09 13:10:53,654 [INFO] ThirdParty:967 - CMSIS Pack Vendor :STMicroelectronics X-CUBE-TOF1 3.1.0
2022-11-09 13:10:53,654 [INFO] ThirdParty:967 - CMSIS Pack Vendor :STMicroelectronics X-CUBE-AZRTOS-G4 1.0.0
2022-11-09 13:10:53,654 [INFO] ThirdParty:967 - CMSIS Pack Vendor :STMicroelectronics FP-ATR-SIGFOX1 3.2.0
2022-11-09 13:10:53,654 [INFO] ThirdParty:967 - CMSIS Pack Vendor :STMicroelectronics X-CUBE-AZRTOS-L4 1.0.0
2022-11-09 13:10:53,654 [INFO] ThirdParty:967 - CMSIS Pack Vendor :wolfSSL I-CUBE-wolfSSL 5.5.0
2022-11-09 13:10:53,654 [INFO] ThirdParty:967 - CMSIS Pack Vendor :STMicroelectronics HAL Drivers 0.0.0
2022-11-09 13:10:53,654 [INFO] ThirdParty:967 - CMSIS Pack Vendor :STMicroelectronics MBEDTLS 2.16.2
2022-11-09 13:10:53,654 [INFO] ThirdParty:967 - CMSIS Pack Vendor :emotas I-CUBE-CANOPEN 1.1.2
2022-11-09 13:10:53,654 [INFO] ThirdParty:967 - CMSIS Pack Vendor :STMicroelectronics X-CUBE-TOUCHGFX 4.20.0
2022-11-09 13:10:53,654 [INFO] ThirdParty:967 - CMSIS Pack Vendor :STMicroelectronics MBEDTLS 2.14.1
2022-11-09 13:10:53,654 [INFO] ThirdParty:967 - CMSIS Pack Vendor :STMicroelectronics X-CUBE-NFC7 1.0.0
2022-11-09 13:10:53,655 [INFO] ThirdParty:967 - CMSIS Pack Vendor :STMicroelectronics X-CUBE-AZRTOS-WL 1.0.0
2022-11-09 13:10:53,655 [INFO] ThirdParty:967 - CMSIS Pack Vendor :STMicroelectronics X-CUBE-MEMS1 9.3.0
2022-11-09 13:10:53,655 [INFO] ThirdParty:967 - CMSIS Pack Vendor :portGmbH I-Cube-SoM-uGOAL 1.1.0
2022-11-09 13:10:53,655 [INFO] ThirdParty:967 - CMSIS Pack Vendor :STMicroelectronics X-CUBE-ALS 1.0.1
2022-11-09 13:10:53,655 [INFO] ThirdParty:967 - CMSIS Pack Vendor :STMicroelectronics X-CUBE-AI 7.2.0
2022-11-09 13:10:53,655 [INFO] ThirdParty:967 - CMSIS Pack Vendor :STMicroelectronics X-CUBE-AZRTOS-L5 1.0.0
2022-11-09 13:10:53,655 [INFO] ThirdParty:967 - CMSIS Pack Vendor :STMicroelectronics USB_DEVICE 1.0.0
2022-11-09 13:10:53,655 [INFO] ThirdParty:967 - CMSIS Pack Vendor :STMicroelectronics X-CUBE-EEPRMA1 3.1.1
2022-11-09 13:10:53,655 [INFO] ThirdParty:967 - CMSIS Pack Vendor :STMicroelectronics ThreadX 0.0.2
2022-11-09 13:10:53,655 [INFO] ThirdParty:967 - CMSIS Pack Vendor :STMicroelectronics lwIP 2.1.2
2022-11-09 13:10:53,656 [INFO] ThirdParty:967 - CMSIS Pack Vendor :STMicroelectronics X-CUBE-SFXS2LP1 4.0.0
2022-11-09 13:10:53,656 [INFO] ThirdParty:967 - CMSIS Pack Vendor :STMicroelectronics X-CUBE-BLE2 3.3.0
2022-11-09 13:10:53,656 [INFO] ThirdParty:967 - CMSIS Pack Vendor :STMicroelectronics X-CUBE-DISPLAY 2.2.0
2022-11-09 13:10:53,656 [INFO] ThirdParty:967 - CMSIS Pack Vendor :STMicroelectronics X-CUBE-TOF1 3.2.0
2022-11-09 13:10:53,656 [INFO] ThirdParty:967 - CMSIS Pack Vendor :STMicroelectronics PDM2PCM 3.2.0
2022-11-09 13:10:53,656 [INFO] ThirdParty:967 - CMSIS Pack Vendor :STMicroelectronics X-CUBE-ISPU 1.0.0
2022-11-09 13:10:53,656 [INFO] ThirdParty:787 - exiting critical section [change project]
2022-11-09 13:10:53,978 [INFO] PinOutPanel:1463 - setPackage(No Configuration,No Configuration)
2022-11-09 13:10:53,980 [INFO] PinOutPanel:1463 - setPackage(STM32F103C6Ux,UFQFPN48)
2022-11-09 13:10:54,691 [INFO] UtilMem:74 - Before build in PCC Used Memory: 268132304 Bytes (563085312)
2022-11-09 13:10:55,783 [INFO] UtilMem:74 - After build in PCC Used Memory: 346775504 Bytes (563085312)
2022-11-09 13:10:55,814 [INFO] IPUIPlugin:74 - create IPUIPlugin
2022-11-09 13:10:55,815 [INFO] IPUIPlugin:74 - create IPUIPlugin
2022-11-09 13:10:55,815 [INFO] IPUIPlugin:74 - create IPUIPlugin
2022-11-09 13:10:55,815 [INFO] IPUIPlugin:74 - create IPUIPlugin
2022-11-09 13:10:55,816 [INFO] IPUIPlugin:74 - create IPUIPlugin
2022-11-09 13:10:55,816 [INFO] IPUIPlugin:74 - create IPUIPlugin
2022-11-09 13:10:55,816 [INFO] IPUIPlugin:74 - create IPUIPlugin
2022-11-09 13:10:55,816 [INFO] IPUIPlugin:74 - create IPUIPlugin
2022-11-09 13:10:55,817 [INFO] IPUIPlugin:74 - create IPUIPlugin
2022-11-09 13:10:55,817 [INFO] IPUIPlugin:74 - create IPUIPlugin
2022-11-09 13:10:55,817 [INFO] IPUIPlugin:74 - create IPUIPlugin
2022-11-09 13:10:55,818 [INFO] IPUIPlugin:74 - create IPUIPlugin
2022-11-09 13:10:55,818 [INFO] IPUIPlugin:74 - create IPUIPlugin
2022-11-09 13:10:55,818 [INFO] IPUIPlugin:74 - create IPUIPlugin
2022-11-09 13:10:55,819 [INFO] IPUIPlugin:74 - create IPUIPlugin
2022-11-09 13:10:55,819 [INFO] IPUIPlugin:74 - create IPUIPlugin
2022-11-09 13:10:55,819 [INFO] IPUIPlugin:74 - create IPUIPlugin
2022-11-09 13:10:55,820 [INFO] IPUIPlugin:74 - create IPUIPlugin
2022-11-09 13:10:55,820 [INFO] IPUIPlugin:74 - create IPUIPlugin
2022-11-09 13:10:55,821 [INFO] IPUIPlugin:74 - create IPUIPlugin
2022-11-09 13:10:55,821 [INFO] IPUIPlugin:74 - create IPUIPlugin
2022-11-09 13:10:55,822 [INFO] IPUIPlugin:74 - create IPUIPlugin
2022-11-09 13:10:55,822 [INFO] IPUIPlugin:74 - create IPUIPlugin
2022-11-09 13:10:56,044 [INFO] OpenFileManager:333 - Restore cursor
2022-11-09 13:10:56,404 [INFO] UtilMem:74 - End SaveConfig() Used Memory: 411787216 Bytes (563085312)
2022-11-09 13:10:56,498 [INFO] UtilMem:74 - End SaveConfig() Used Memory: 423321552 Bytes (563085312)
2022-11-09 13:10:56,990 [INFO] BlockDiagram:2740 - set Specific Code input for plugin: NVIC
2022-11-09 13:10:56,991 [INFO] BlockDiagram:2740 - set Specific Code input for plugin: SYS
2022-11-09 13:10:56,992 [INFO] BlockDiagram:2740 - set Specific Code input for plugin: RCC
2022-11-09 13:10:56,993 [INFO] CodeGenerator:663 - code generatio: config db path: C:\ST\STM32CubeIDE_1.7.0\STM32CubeIDE\plugins\com.st.stm32cube.common.mx_6.3.0.202107141111\\db\
2022-11-09 13:10:57,390 [INFO] CodeEngine:239 - oldGeneratedFile, D:\LearningMaterial\Mirco-Processor\Lab3\mProcessor-Lab3\STM32\1852238-Lab3\MXTmpFiles\license.tmp_save
2022-11-09 13:10:57,937 [INFO] CodeEngine:257 - Generated code: D:\LearningMaterial\Mirco-Processor\Lab3\mProcessor-Lab3\STM32\1852238-Lab3\MXTmpFiles\license.tmp
2022-11-09 13:10:58,189 [INFO] CodeEngine:239 - oldGeneratedFile, D:\LearningMaterial\Mirco-Processor\Lab3\mProcessor-Lab3\STM32\1852238-Lab3\Core\Src\stm32f1xx_it.c_save
2022-11-09 13:10:58,359 [INFO] CodeEngine:257 - Generated code: D:\LearningMaterial\Mirco-Processor\Lab3\mProcessor-Lab3\STM32\1852238-Lab3\Core\Src\stm32f1xx_it.c
2022-11-09 13:10:58,371 [INFO] CodeEngine:239 - oldGeneratedFile, D:\LearningMaterial\Mirco-Processor\Lab3\mProcessor-Lab3\STM32\1852238-Lab3\Core\Inc\stm32f1xx_it.h_save
2022-11-09 13:10:58,459 [INFO] CodeEngine:257 - Generated code: D:\LearningMaterial\Mirco-Processor\Lab3\mProcessor-Lab3\STM32\1852238-Lab3\Core\Inc\stm32f1xx_it.h
2022-11-09 13:10:58,487 [INFO] CodeEngine:239 - oldGeneratedFile, D:\LearningMaterial\Mirco-Processor\Lab3\mProcessor-Lab3\STM32\1852238-Lab3\Core\Src\stm32f1xx_hal_msp.c_save
2022-11-09 13:10:58,770 [INFO] CodeEngine:257 - Generated code: D:\LearningMaterial\Mirco-Processor\Lab3\mProcessor-Lab3\STM32\1852238-Lab3\Core\Src\stm32f1xx_hal_msp.c
2022-11-09 13:10:58,784 [INFO] CodeEngine:239 - oldGeneratedFile, D:\LearningMaterial\Mirco-Processor\Lab3\mProcessor-Lab3\STM32\1852238-Lab3\MXTmpFiles\system.tmp_save
2022-11-09 13:10:58,866 [INFO] CodeEngine:257 - Generated code: D:\LearningMaterial\Mirco-Processor\Lab3\mProcessor-Lab3\STM32\1852238-Lab3\MXTmpFiles\system.tmp
2022-11-09 13:10:58,891 [INFO] CodeEngine:239 - oldGeneratedFile, D:\LearningMaterial\Mirco-Processor\Lab3\mProcessor-Lab3\STM32\1852238-Lab3\Core\Inc\stm32f1xx_hal_conf.h_save
2022-11-09 13:10:58,992 [INFO] CodeEngine:257 - Generated code: D:\LearningMaterial\Mirco-Processor\Lab3\mProcessor-Lab3\STM32\1852238-Lab3\Core\Inc\stm32f1xx_hal_conf.h
2022-11-09 13:10:59,068 [INFO] CodeEngine:239 - oldGeneratedFile, D:\LearningMaterial\Mirco-Processor\Lab3\mProcessor-Lab3\STM32\1852238-Lab3\Core\Inc\main.h_save
2022-11-09 13:10:59,178 [INFO] CodeEngine:257 - Generated code: D:\LearningMaterial\Mirco-Processor\Lab3\mProcessor-Lab3\STM32\1852238-Lab3\Core\Inc\main.h
2022-11-09 13:10:59,192 [INFO] CodeEngine:239 - oldGeneratedFile, D:\LearningMaterial\Mirco-Processor\Lab3\mProcessor-Lab3\STM32\1852238-Lab3\Core\Src\main.c_save
2022-11-09 13:10:59,321 [INFO] CodeEngine:257 - Generated code: D:\LearningMaterial\Mirco-Processor\Lab3\mProcessor-Lab3\STM32\1852238-Lab3\Core\Src\main.c
2022-11-09 13:11:01,084 [INFO] ProjectBuilder:2578 - Time for Copy HAL[1] : 563mS.
2022-11-09 13:11:01,100 [INFO] ProjectBuilder:3622 - Project Generator version: 3.14.1
2022-11-09 13:11:01,859 [INFO] ConfigFileManager:1271 - The Die is : DIE412
2022-11-09 13:11:01,906 [INFO] ApiDbMcu:468 - Load IP Config File for FATFS
2022-11-09 13:11:01,971 [INFO] ApiDbMcu:468 - Load IP Config File for FREERTOS
2022-11-09 13:11:02,062 [INFO] ApiDbMcu:468 - Load IP Config File for USB_DEVICE
2022-11-09 13:11:11,959 [INFO] ProjectBuilder:3789 - Time for Generating toolchain IDE Files: 10859mS.
2022-11-09 13:11:11,960 [INFO] ProjectBuilder:2457 - Time for Copy CMSIS : 1mS.
2022-11-09 13:11:11,962 [INFO] ProjectBuilder:2457 - Time for Copy CMSIS : 0mS.
2022-11-09 13:11:12,800 [INFO] McuFinderGlobals:52 - Set McuFinderConnectedMode to true
2022-11-09 13:11:12,803 [INFO] ApiDb:276 - Save user favorites file C:\Users\ASUS/.stm32cubeide/favorites.mcus.txt: 0 item(s)
2022-11-09 13:11:12,804 [INFO] ApiDb:280 - User favorites MCUs=[]
